[03-Mar-2019 20:19:06] NOTICE: fpm is running, pid 1
[03-Mar-2019 20:19:06] NOTICE: ready to handle connections
[03-Mar-2019 23:59:49] WARNING: [pool www] child 5 said into stderr: "NOTICE: PHP message: PHP Fatal error:  Uncaught Error: Call to undefined function mysql_connect() in /www/wp-includes/wp-db.php:1645"
[03-Mar-2019 23:59:49] WARNING: [pool www] child 5 said into stderr: "Stack trace:"
[03-Mar-2019 23:59:49] WARNING: [pool www] child 5 said into stderr: "#0 /www/wp-admin/setup-config.php(305): wpdb->db_connect()"
[03-Mar-2019 23:59:49] WARNING: [pool www] child 5 said into stderr: "#1 {main}"
[03-Mar-2019 23:59:49] WARNING: [pool www] child 5 said into stderr: "  thrown in /www/wp-includes/wp-db.php on line 1645"
[04-Mar-2019 00:02:47] WARNING: [pool www] child 6 said into stderr: "NOTICE: PHP message: PHP Fatal error:  Uncaught Error: Call to undefined function mysql_connect() in /www/wp-includes/wp-db.php:1645"
[04-Mar-2019 00:02:47] WARNING: [pool www] child 6 said into stderr: "Stack trace:"
[04-Mar-2019 00:02:47] WARNING: [pool www] child 6 said into stderr: "#0 /www/wp-includes/wp-db.php(639): wpdb->db_connect()"
[04-Mar-2019 00:02:47] WARNING: [pool www] child 6 said into stderr: "#1 /www/wp-includes/load.php(435): wpdb->__construct('admin', 'PASSWORD', 'projectdb', 'localhost')"
[04-Mar-2019 00:02:47] WARNING: [pool www] child 6 said into stderr: "#2 /www/wp-settings.php(109): require_wp_db()"
[04-Mar-2019 00:02:47] WARNING: [pool www] child 6 said into stderr: "#3 /www/wp-config.php(90): require_once('/www/wp-setting...')"
[04-Mar-2019 00:02:47] WARNING: [pool www] child 6 said into stderr: "#4 /www/wp-load.php(37): require_once('/www/wp-config....')"
[04-Mar-2019 00:02:47] WARNING: [pool www] child 6 said into stderr: "#5 /www/wp-blog-header.php(13): require_once('/www/wp-load.ph...')"
[04-Mar-2019 00:02:47] WARNING: [pool www] child 6 said into stderr: "#6 /www/index.php(17): require('/www/wp-blog-he...')"
[04-Mar-2019 00:02:47] WARNING: [pool www] child 6 said into stderr: "#7 {main}"
[04-Mar-2019 00:02:47] WARNING: [pool www] child 6 said into stderr: "  thrown in /www/wp-includes/wp-db.php on line 1645"
[04-Mar-2019 00:02:56] WARNING: [pool www] child 5 said into stderr: "NOTICE: PHP message: PHP Fatal error:  Uncaught Error: Call to undefined function mysql_connect() in /www/wp-includes/wp-db.php:1645"
[04-Mar-2019 00:02:56] WARNING: [pool www] child 5 said into stderr: "Stack trace:"
[04-Mar-2019 00:02:56] WARNING: [pool www] child 5 said into stderr: "#0 /www/wp-includes/wp-db.php(639): wpdb->db_connect()"
[04-Mar-2019 00:02:56] WARNING: [pool www] child 5 said into stderr: "#1 /www/wp-includes/load.php(435): wpdb->__construct('admin', 'PASSWORD', 'projectdb', 'localhost')"
[04-Mar-2019 00:02:56] WARNING: [pool www] child 5 said into stderr: "#2 /www/wp-settings.php(109): require_wp_db()"
[04-Mar-2019 00:02:56] WARNING: [pool www] child 5 said into stderr: "#3 /www/wp-config.php(90): require_once('/www/wp-setting...')"
[04-Mar-2019 00:02:56] WARNING: [pool www] child 5 said into stderr: "#4 /www/wp-load.php(37): require_once('/www/wp-config....')"
[04-Mar-2019 00:02:56] WARNING: [pool www] child 5 said into stderr: "#5 /www/wp-blog-header.php(13): require_once('/www/wp-load.ph...')"
[04-Mar-2019 00:02:56] WARNING: [pool www] child 5 said into stderr: "#6 /www/index.php(17): require('/www/wp-blog-he...')"
[04-Mar-2019 00:02:56] WARNING: [pool www] child 5 said into stderr: "#7 {main}"
[04-Mar-2019 00:02:56] WARNING: [pool www] child 5 said into stderr: "  thrown in /www/wp-includes/wp-db.php on line 1645"
[04-Mar-2019 00:03:11] WARNING: [pool www] child 6 said into stderr: "NOTICE: PHP message: PHP Fatal error:  Uncaught Error: Call to undefined function mysql_connect() in /www/wp-includes/wp-db.php:1645"
[04-Mar-2019 00:03:11] WARNING: [pool www] child 6 said into stderr: "Stack trace:"
[04-Mar-2019 00:03:11] WARNING: [pool www] child 6 said into stderr: "#0 /www/wp-includes/wp-db.php(639): wpdb->db_connect()"
[04-Mar-2019 00:03:11] WARNING: [pool www] child 6 said into stderr: "#1 /www/wp-includes/load.php(435): wpdb->__construct('admin', 'PASSWORD', 'projectdb', 'localhost')"
[04-Mar-2019 00:03:11] WARNING: [pool www] child 6 said into stderr: "#2 /www/wp-settings.php(109): require_wp_db()"
[04-Mar-2019 00:03:11] WARNING: [pool www] child 6 said into stderr: "#3 /www/wp-config.php(90): require_once('/www/wp-setting...')"
[04-Mar-2019 00:03:11] WARNING: [pool www] child 6 said into stderr: "#4 /www/wp-load.php(37): require_once('/www/wp-config....')"
[04-Mar-2019 00:03:11] WARNING: [pool www] child 6 said into stderr: "#5 /www/wp-blog-header.php(13): require_once('/www/wp-load.ph...')"
[04-Mar-2019 00:03:11] WARNING: [pool www] child 6 said into stderr: "#6 /www/index.php(17): require('/www/wp-blog-he...')"
[04-Mar-2019 00:03:11] WARNING: [pool www] child 6 said into stderr: "#7 {main}"
[04-Mar-2019 00:03:11] WARNING: [pool www] child 6 said into stderr: "  thrown in /www/wp-includes/wp-db.php on line 1645"
[04-Mar-2019 00:03:43] NOTICE: Terminating ...
[04-Mar-2019 00:03:44] NOTICE: exiting, bye-bye!
[04-Mar-2019 00:05:31] NOTICE: fpm is running, pid 1
[04-Mar-2019 00:05:31] NOTICE: ready to handle connections
